# JRE version: OpenJDK Runtime Environment (8.0_212-b04) (build 1.8.0_212-release-1586-b04)
# Java VM: OpenJDK 64-Bit Server VM (25.212-b04 mixed mode windows-amd64 compressed oops)
Heap:
 PSYoungGen      total 475136K, used 187881K [0x00000000e0000000, 0x0000000100000000, 0x0000000100000000)
  eden space 432640K, 33% used [0x00000000e0000000,0x00000000e8e15a80,0x00000000fa680000)
  from space 42496K, 99% used [0x00000000fa680000,0x00000000fcfe4b80,0x00000000fd000000)
  to   space 49152K, 0% used [0x00000000fd000000,0x00000000fd000000,0x0000000100000000)
 ParOldGen       total 180736K, used 101817K [0x00000000a0000000, 0x00000000ab080000, 0x00000000e0000000)
  object space 180736K, 56% used [0x00000000a0000000,0x00000000a636e680,0x00000000ab080000)
 Metaspace       used 161897K, capacity 167577K, committed 167680K, reserved 1196032K
  class space    used 20365K, capacity 21475K, committed 21504K, reserved 1048576K
GC Heap History (10 events):
Event: 3118.545 GC heap before
{Heap before GC invocations=28 (full 5):
 PSYoungGen      total 471552K, used 436733K [0x00000000e0000000, 0x0000000100000000, 0x0000000100000000)
  eden space 421888K, 100% used [0x00000000e0000000,0x00000000f9c00000,0x00000000f9c00000)
  from space 49664K, 29% used [0x00000000fcb00000,0x00000000fd97f660,0x00000000ffb80000)
  to   space 48128K, 0% used [0x00000000f9c00000,0x00000000f9c00000,0x00000000fcb00000)
 ParOldGen       total 180736K, used 94937K [0x00000000a0000000, 0x00000000ab080000, 0x00000000e0000000)
  object space 180736K, 52% used [0x00000000a0000000,0x00000000a5cb67a0,0x00000000ab080000)
 Metaspace       used 153041K, capacity 158059K, committed 158336K, reserved 1187840K
  class space    used 19249K, capacity 20260K, committed 20352K, reserved 1048576K
Event: 3118.626 GC heap after
Heap after GC invocations=28 (full 5):
 PSYoungGen      total 470016K, used 14700K [0x00000000e0000000, 0x00000000ffa80000, 0x0000000100000000)
  eden space 421888K, 0% used [0x00000000e0000000,0x00000000e0000000,0x00000000f9c00000)
  from space 48128K, 30% used [0x00000000f9c00000,0x00000000faa5b348,0x00000000fcb00000)
  to   space 46080K, 0% used [0x00000000fcd80000,0x00000000fcd80000,0x00000000ffa80000)
 ParOldGen       total 180736K, used 94937K [0x00000000a0000000, 0x00000000ab080000, 0x00000000e0000000)
  object space 180736K, 52% used [0x00000000a0000000,0x00000000a5cb67a0,0x00000000ab080000)
 Metaspace       used 153041K, capacity 158059K, committed 158336K, reserved 1187840K
  class space    used 19249K, capacity 20260K, committed 20352K, reserved 1048576K
}
Event: 3126.876 GC heap before
{Heap before GC invocations=29 (full 5):
 PSYoungGen      total 470016K, used 436588K [0x00000000e0000000, 0x00000000ffa80000, 0x0000000100000000)
  eden space 421888K, 100% used [0x00000000e0000000,0x00000000f9c00000,0x00000000f9c00000)
  from space 48128K, 30% used [0x00000000f9c00000,0x00000000faa5b348,0x00000000fcb00000)
  to   space 46080K, 0% used [0x00000000fcd80000,0x00000000fcd80000,0x00000000ffa80000)
 ParOldGen       total 180736K, used 95017K [0x00000000a0000000, 0x00000000ab080000, 0x00000000e0000000)
  object space 180736K, 52% used [0x00000000a0000000,0x00000000a5cca5a0,0x00000000ab080000)
 Metaspace       used 154965K, capacity 160233K, committed 160384K, reserved 1189888K
  class space    used 19487K, capacity 20519K, committed 20608K, reserved 1048576K
Event: 3126.916 GC heap after
Heap after GC invocations=29 (full 5):
 PSYoungGen      total 474112K, used 22501K [0x00000000e0000000, 0x00000000ffb00000, 0x0000000100000000)
  eden space 428032K, 0% used [0x00000000e0000000,0x00000000e0000000,0x00000000fa200000)
  from space 46080K, 48% used [0x00000000fcd80000,0x00000000fe379520,0x00000000ffa80000)
  to   space 44544K, 0% used [0x00000000fa200000,0x00000000fa200000,0x00000000fcd80000)
 ParOldGen       total 180736K, used 95025K [0x00000000a0000000, 0x00000000ab080000, 0x00000000e0000000)
  object space 180736K, 52% used [0x00000000a0000000,0x00000000a5ccc5a0,0x00000000ab080000)
 Metaspace       used 154965K, capacity 160233K, committed 160384K, reserved 1189888K
  class space    used 19487K, capacity 20519K, committed 20608K, reserved 1048576K
}
Event: 3126.976 GC heap before
{Heap before GC invocations=30 (full 5):
 PSYoungGen      total 474112K, used 28985K [0x00000000e0000000, 0x00000000ffb00000, 0x0000000100000000)
  eden space 428032K, 1% used [0x00000000e0000000,0x00000000e0655208,0x00000000fa200000)
  from space 46080K, 48% used [0x00000000fcd80000,0x00000000fe379520,0x00000000ffa80000)
  to   space 44544K, 0% used [0x00000000fa200000,0x00000000fa200000,0x00000000fcd80000)
 ParOldGen       total 180736K, used 95025K [0x00000000a0000000, 0x00000000ab080000, 0x00000000e0000000)
  object space 180736K, 52% used [0x00000000a0000000,0x00000000a5ccc5a0,0x00000000ab080000)
 Metaspace       used 155000K, capacity 160297K, committed 160640K, reserved 1189888K
  class space    used 19487K, capacity 20519K, committed 20608K, reserved 1048576K
Event: 3127.027 GC heap after
Heap after GC invocations=30 (full 5):
 PSYoungGen      total 472576K, used 21431K [0x00000000e0000000, 0x00000000ffa80000, 0x0000000100000000)
  eden space 428032K, 0% used [0x00000000e0000000,0x00000000e0000000,0x00000000fa200000)
  from space 44544K, 48% used [0x00000000fa200000,0x00000000fb6ede20,0x00000000fcd80000)
  to   space 42496K, 0% used [0x00000000fd100000,0x00000000fd100000,0x00000000ffa80000)
 ParOldGen       total 180736K, used 95033K [0x00000000a0000000, 0x00000000ab080000, 0x00000000e0000000)
  object space 180736K, 52% used [0x00000000a0000000,0x00000000a5cce5a0,0x00000000ab080000)
 Metaspace       used 155000K, capacity 160297K, committed 160640K, reserved 1189888K
  class space    used 19487K, capacity 20519K, committed 20608K, reserved 1048576K
}
Event: 3695.738 GC heap before
{Heap before GC invocations=31 (full 5):
 PSYoungGen      total 472576K, used 449463K [0x00000000e0000000, 0x00000000ffa80000, 0x0000000100000000)
  eden space 428032K, 100% used [0x00000000e0000000,0x00000000fa200000,0x00000000fa200000)
  from space 44544K, 48% used [0x00000000fa200000,0x00000000fb6ede20,0x00000000fcd80000)
  to   space 42496K, 0% used [0x00000000fd100000,0x00000000fd100000,0x00000000ffa80000)
 ParOldGen       total 180736K, used 95033K [0x00000000a0000000, 0x00000000ab080000, 0x00000000e0000000)
  object space 180736K, 52% used [0x00000000a0000000,0x00000000a5cce5a0,0x00000000ab080000)
 Metaspace       used 161793K, capacity 167503K, committed 167680K, reserved 1196032K
  class space    used 20357K, capacity 21474K, committed 21504K, reserved 1048576K
Event: 3702.179 GC heap after
Heap after GC invocations=31 (full 5):
 PSYoungGen      total 475136K, used 29116K [0x00000000e0000000, 0x0000000100000000, 0x0000000100000000)
  eden space 432640K, 0% used [0x00000000e0000000,0x00000000e0000000,0x00000000fa680000)
  from space 42496K, 68% used [0x00000000fd100000,0x00000000fed6f2f8,0x00000000ffa80000)
  to   space 43520K, 0% used [0x00000000fa680000,0x00000000fa680000,0x00000000fd100000)
 ParOldGen       total 180736K, used 101665K [0x00000000a0000000, 0x00000000ab080000, 0x00000000e0000000)
  object space 180736K, 56% used [0x00000000a0000000,0x00000000a6348680,0x00000000ab080000)
 Metaspace       used 161793K, capacity 167503K, committed 167680K, reserved 1196032K
  class space    used 20357K, capacity 21474K, committed 21504K, reserved 1048576K
}
Event: 3731.735 GC heap before
{Heap before GC invocations=32 (full 5):
 PSYoungGen      total 475136K, used 461756K [0x00000000e0000000, 0x0000000100000000, 0x0000000100000000)
  eden space 432640K, 100% used [0x00000000e0000000,0x00000000fa680000,0x00000000fa680000)
  from space 42496K, 68% used [0x00000000fd100000,0x00000000fed6f2f8,0x00000000ffa80000)
  to   space 43520K, 0% used [0x00000000fa680000,0x00000000fa680000,0x00000000fd100000)
 ParOldGen       total 180736K, used 101665K [0x00000000a0000000, 0x00000000ab080000, 0x00000000e0000000)
  object space 180736K, 56% used [0x00000000a0000000,0x00000000a6348680,0x00000000ab080000)
 Metaspace       used 161889K, capacity 167577K, committed 167680K, reserved 1196032K
  class space    used 20364K, capacity 21475K, committed 21504K, reserved 1048576K
Event: 3734.613 GC heap after
Heap after GC invocations=32 (full 5):
 PSYoungGen      total 475136K, used 42386K [0x00000000e0000000, 0x0000000100000000, 0x0000000100000000)
  eden space 432640K, 0% used [0x00000000e0000000,0x00000000e0000000,0x00000000fa680000)
  from space 42496K, 99% used [0x00000000fa680000,0x00000000fcfe4b80,0x00000000fd000000)
  to   space 49152K, 0% used [0x00000000fd000000,0x00000000fd000000,0x0000000100000000)
 ParOldGen       total 180736K, used 101817K [0x00000000a0000000, 0x00000000ab080000, 0x00000000e0000000)
  object space 180736K, 56% used [0x00000000a0000000,0x00000000a636e680,0x00000000ab080000)
 Metaspace       used 161889K, capacity 167577K, committed 167680K, reserved 1196032K
  class space    used 20364K, capacity 21475K, committed 21504K, reserved 1048576K
}

